[2014-06-15 12:01:32] START
[2014-06-15 12:13:53] CREATE config/settings.yml: 0
[2014-06-15 12:29:36] EDIT fb_service_broker/static/config/settings.yml: 36
[2014-06-15 12:36:16] CREATE v2.py: 0
[2014-06-15 12:53:30] EDIT fb_service_broker/controllers/v2.py: 7
[2014-06-15 12:53:58] CREATE v2/catalog.json: 0
[2014-06-15 12:58:34] EDIT fb_service_broker/static/config/settings.yml: 0
[2014-06-15 13:05:58] EDIT fb_service_broker/static/config/settings.yml: -3
[2014-06-15 13:59:19] EDIT fb_service_broker/controllers/v2.py: 2
[2014-06-15 14:01:07] EDIT fb_service_broker/controllers/v2.py: 1
[2014-06-15 14:01:16] EDIT fb_service_broker/controllers/v2.py: -1
[2014-06-15 14:17:59] EDIT fb_service_broker/controllers/v2.py: 0
[2014-06-15 14:26:52] EDIT fb_service_broker/controllers/v2.py: 1
[2014-06-15 14:44:26] EDIT fb_service_broker/models/db.py: 0
[2014-06-15 14:52:43] EDIT fb_service_broker/controllers/v2.py: -1
[2014-06-15 14:55:09] EDIT fb_service_broker/models/db.py: 1
[2014-06-15 15:07:01] EDIT fb_service_broker/controllers/v2.py: 1
[2014-06-15 15:11:59] EDIT fb_service_broker/controllers/v2.py: 1
[2014-06-15 19:28:44] EDIT fb_service_broker/controllers/v2.py: 0
[2014-06-15 19:29:28] EDIT fb_service_broker/controllers/v2.py: -1
[2014-06-15 20:46:16] EDIT fb_service_broker/controllers/v2.py: 0
[2014-06-15 20:47:12] EDIT fb_service_broker/controllers/v2.py: 1
[2014-06-15 20:48:22] EDIT fb_service_broker/controllers/v2.py: 0
[2014-06-15 20:49:59] EDIT fb_service_broker/controllers/v2.py: 0
[2014-06-15 21:01:22] EDIT fb_service_broker/controllers/v2.py: 0
[2014-06-15 21:02:52] CREATE v2/catalog.html: 0
[2014-06-15 21:05:28] EDIT fb_service_broker/views/v2/catalog.html: -2
[2014-06-15 21:21:14] EDIT fb_service_broker/static/config/settings.yml: 0
[2014-06-15 21:23:18] EDIT fb_service_broker/static/config/settings.yml: 2
[2014-06-15 21:25:06] EDIT fb_service_broker/static/config/settings.yml: 0
[2014-06-15 21:32:58] EDIT fb_service_broker/static/config/settings.yml: 0
[2014-06-15 21:33:25] EDIT fb_service_broker/static/config/settings.yml: -2
[2014-06-15 21:52:24] EDIT fb_service_broker/controllers/v2.py: 0
[2014-06-15 21:52:47] EDIT fb_service_broker/controllers/v2.py: 0
[2014-06-15 22:45:33] EDIT fb_service_broker/controllers/v2.py: 2
[2014-06-15 22:46:15] EDIT fb_service_broker/controllers/v2.py: 0
[2014-06-15 22:46:28] EDIT fb_service_broker/controllers/v2.py: 0
[2014-06-15 22:58:00] EDIT fb_service_broker/controllers/v2.py: 3
[2014-06-15 23:01:50] EDIT fb_service_broker/controllers/v2.py: 0
[2014-06-15 23:12:22] EDIT fb_service_broker/controllers/v2.py: 0
[2014-06-15 23:14:53] EDIT fb_service_broker/controllers/v2.py: -3
[2014-06-15 23:16:08] EDIT fb_service_broker/controllers/v2.py: 0
[2014-06-15 23:20:36] EDIT fb_service_broker/controllers/v2.py: 0
[2014-06-15 23:20:50] EDIT fb_service_broker/controllers/v2.py: 0
[2014-06-15 23:21:01] EDIT fb_service_broker/controllers/v2.py: 1
[2014-06-15 23:21:04] EDIT fb_service_broker/controllers/v2.py: 0
[2014-06-15 23:25:14] EDIT fb_service_broker/controllers/v2.py: 0
[2014-06-15 23:49:12] EDIT fb_service_broker/controllers/v2.py: 0
[2014-06-16 09:56:39] EDIT fb_service_broker/controllers/v2.py: 2
[2014-06-16 09:57:48] EDIT fb_service_broker/controllers/v2.py: 1
[2014-06-16 09:58:46] EDIT fb_service_broker/controllers/v2.py: 0
[2014-06-16 09:59:08] EDIT fb_service_broker/controllers/v2.py: 0
[2014-06-16 09:59:17] EDIT fb_service_broker/controllers/v2.py: 0
[2014-06-16 09:59:26] EDIT fb_service_broker/controllers/v2.py: 0
[2014-06-16 09:59:41] EDIT fb_service_broker/controllers/v2.py: 0
[2014-06-16 09:59:51] EDIT fb_service_broker/controllers/v2.py: 0
[2014-06-16 10:02:22] EDIT fb_service_broker/static/config/settings.yml: 0
[2014-06-17 00:42:41] EDIT fb_service_broker/controllers/v2.py: -1
[2014-06-17 00:48:24] EDIT fb_service_broker/controllers/v2.py: 1
[2014-06-17 00:54:13] EDIT fb_service_broker/controllers/v2.py: 0
[2014-06-17 00:55:48] EDIT fb_service_broker/controllers/v2.py: 0
[2014-06-17 00:56:40] CREATE v2/service_instances.html: 0
[2014-06-17 00:58:24] EDIT fb_service_broker/views/v2/service_instances.html: -2
[2014-06-17 00:59:06] EDIT fb_service_broker/controllers/v2.py: 0
[2014-06-17 01:05:52] EDIT fb_service_broker/controllers/v2.py: 1
[2014-06-17 01:07:19] EDIT fb_service_broker/controllers/v2.py: -1
[2014-06-17 10:11:02] EDIT fb_service_broker/controllers/v2.py: 8
[2014-06-17 10:17:42] EDIT fb_service_broker/controllers/v2.py: 0
[2014-06-17 10:29:42] EDIT fb_service_broker/controllers/v2.py: 0
[2014-06-17 10:29:49] EDIT fb_service_broker/controllers/v2.py: 0
[2014-06-17 10:31:04] EDIT fb_service_broker/controllers/v2.py: 0
[2014-06-17 12:41:00] EDIT fb_service_broker/controllers/v2.py: 0
[2014-06-17 12:43:41] EDIT fb_service_broker/controllers/v2.py: 0
[2014-06-17 12:44:29] EDIT fb_service_broker/controllers/v2.py: 0
[2014-06-17 12:44:43] EDIT fb_service_broker/controllers/v2.py: 0
[2014-06-17 12:45:20] EDIT fb_service_broker/controllers/v2.py: 0
[2014-06-17 12:50:24] EDIT fb_service_broker/controllers/v2.py: 0
[2014-06-17 12:51:27] EDIT fb_service_broker/controllers/v2.py: 0
[2014-06-17 12:51:33] EDIT fb_service_broker/controllers/v2.py: 0
[2014-06-17 12:58:40] EDIT fb_service_broker/controllers/v2.py: 0
[2014-06-17 12:58:44] EDIT fb_service_broker/controllers/v2.py: 0
[2014-06-17 12:59:03] EDIT fb_service_broker/controllers/v2.py: 0
[2014-06-17 13:00:02] EDIT fb_service_broker/controllers/v2.py: 0
[2014-06-17 13:01:08] EDIT fb_service_broker/controllers/v2.py: 0
[2014-06-17 13:22:59] EDIT fb_service_broker/controllers/v2.py: 0
[2014-06-17 13:35:41] EDIT fb_service_broker/controllers/v2.py: 1
[2014-06-17 13:36:18] EDIT fb_service_broker/controllers/v2.py: 0
[2014-06-17 13:36:20] EDIT fb_service_broker/controllers/v2.py: 0
[2014-06-17 13:37:55] EDIT fb_service_broker/controllers/v2.py: 0
[2014-06-17 13:43:11] EDIT fb_service_broker/controllers/v2.py: 1
[2014-06-17 13:48:55] EDIT fb_service_broker/controllers/v2.py: 0
[2014-06-17 13:53:05] EDIT fb_service_broker/controllers/v2.py: 10
[2014-06-17 13:54:36] EDIT fb_service_broker/controllers/v2.py: -9
[2014-06-17 13:55:26] EDIT fb_service_broker/controllers/v2.py: 0
[2014-06-17 13:55:32] EDIT fb_service_broker/controllers/v2.py: 0
[2014-06-17 13:56:38] EDIT fb_service_broker/controllers/v2.py: 0
[2014-06-17 13:56:40] EDIT fb_service_broker/controllers/v2.py: 0
[2014-06-17 13:56:44] EDIT fb_service_broker/controllers/v2.py: 0
[2014-06-17 14:01:48] EDIT fb_service_broker/controllers/v2.py: 5
[2014-06-17 14:09:42] EDIT fb_service_broker/controllers/v2.py: 2
[2014-06-17 14:09:59] EDIT fb_service_broker/controllers/v2.py: -1
[2014-06-17 14:10:17] EDIT fb_service_broker/controllers/v2.py: 0
[2014-06-17 14:13:43] EDIT fb_service_broker/controllers/v2.py: -5
[2014-06-17 14:15:44] EDIT fb_service_broker/controllers/v2.py: 0
[2014-06-17 21:15:36] EDIT fb_service_broker/static/config/settings.yml: 0
[2014-06-17 21:18:16] EDIT fb_service_broker/static/config/settings.yml: 0
[2014-06-17 21:25:51] EDIT custom_mysql_broker/controllers/v2.py: 1
[2014-06-17 21:26:33] EDIT custom_mysql_broker/controllers/v2.py: -1
[2014-06-17 21:26:45] EDIT custom_mysql_broker/controllers/v2.py: 0
[2014-06-17 21:28:06] EDIT custom_mysql_broker/controllers/v2.py: 2
[2014-06-17 21:32:28] EDIT custom_mysql_broker/controllers/v2.py: 1
[2014-06-17 21:34:46] EDIT custom_mysql_broker/controllers/v2.py: 2
[2014-06-17 21:38:50] EDIT custom_mysql_broker/controllers/v2.py: 0
[2014-06-17 21:39:49] EDIT custom_mysql_broker/controllers/v2.py: 0
[2014-06-17 21:40:44] EDIT custom_mysql_broker/controllers/v2.py: 0
[2014-06-17 21:43:34] EDIT custom_mysql_broker/controllers/v2.py: 0
[2014-06-17 21:49:56] EDIT custom_mysql_broker/controllers/v2.py: 0
[2014-06-17 21:59:33] EDIT custom_mysql_broker/controllers/v2.py: -2
[2014-06-17 22:29:03] EDIT custom_mysql_broker/controllers/v2.py: 0
[2014-06-17 22:31:05] EDIT custom_mysql_broker/controllers/v2.py: 1
[2014-06-17 22:31:27] EDIT custom_mysql_broker/controllers/v2.py: 0
[2014-06-17 22:32:44] EDIT custom_mysql_broker/controllers/v2.py: 2
[2014-06-17 22:33:20] EDIT custom_mysql_broker/controllers/v2.py: 0
[2014-06-17 22:34:21] EDIT custom_mysql_broker/controllers/v2.py: 0
[2014-06-17 22:34:48] EDIT custom_mysql_broker/controllers/v2.py: 0
[2014-06-17 22:35:52] EDIT custom_mysql_broker/controllers/v2.py: -1
[2014-06-17 22:37:38] EDIT custom_mysql_broker/controllers/v2.py: 0
[2014-06-17 22:38:47] EDIT custom_mysql_broker/controllers/v2.py: 0
[2014-06-17 22:46:42] EDIT custom_mysql_broker/controllers/v2.py: 7
[2014-06-17 22:50:31] EDIT custom_mysql_broker/controllers/v2.py: 7
[2014-06-17 22:50:42] EDIT custom_mysql_broker/controllers/v2.py: 0
[2014-06-17 22:51:02] EDIT custom_mysql_broker/controllers/v2.py: -4
[2014-06-17 22:51:08] EDIT custom_mysql_broker/controllers/v2.py: 0
[2014-06-17 23:13:16] EDIT custom_mysql_broker/controllers/v2.py: 0
[2014-06-17 23:16:43] EDIT custom_mysql_broker/controllers/v2.py: 1
[2014-06-17 23:18:04] EDIT custom_mysql_broker/controllers/v2.py: 0
[2014-06-17 23:21:32] EDIT custom_mysql_broker/controllers/v2.py: 1
[2014-06-18 01:55:24] EDIT custom_mysql_broker/controllers/v2.py: 0
[2014-06-18 01:59:16] EDIT custom_mysql_broker/controllers/v2.py: 1
[2014-06-18 01:59:31] EDIT custom_mysql_broker/controllers/v2.py: 0
[2014-06-18 09:31:25] EDIT custom_mysql_broker/controllers/v2.py: 1
[2014-06-18 09:37:16] EDIT custom_mysql_broker/controllers/v2.py: -3
[2014-06-18 09:37:46] EDIT custom_mysql_broker/controllers/v2.py: 0
[2014-06-19 23:40:27] EDIT custom_mysql_broker/controllers/v2.py: 1
[2014-06-20 00:34:25] EDIT custom_mysql_broker/controllers/v2.py: 1
[2014-06-20 00:36:35] EDIT custom_mysql_broker/controllers/v2.py: -1
[2014-06-20 01:51:32] EDIT custom_mysql_broker/controllers/v2.py: 4
[2014-06-20 13:52:28] EDIT custom_mysql_broker/controllers/v2.py: 7
[2014-06-20 13:52:52] EDIT custom_mysql_broker/controllers/v2.py: 0
[2014-06-20 13:57:59] EDIT custom_mysql_broker/controllers/v2.py: 0
[2014-06-20 14:00:14] EDIT custom_mysql_broker/controllers/v2.py: 0
